#! /c/Source/iverilog-install/bin/vvp
:ivl_version "12.0 (devel)" "(s20150603-1110-g18392a46)";
:ivl_delay_selection "TYPICAL";
:vpi_time_precision - 12;
:vpi_module "C:\iverilog\lib\ivl\system.vpi";
:vpi_module "C:\iverilog\lib\ivl\vhdl_sys.vpi";
:vpi_module "C:\iverilog\lib\ivl\vhdl_textio.vpi";
:vpi_module "C:\iverilog\lib\ivl\v2005_math.vpi";
:vpi_module "C:\iverilog\lib\ivl\va_math.vpi";
S_00000295a4d18130 .scope module, "top" "top" 2 23;
 .timescale -9 -12;
v00000295a4d6f600_0 .var "D0", 0 0;
v00000295a4d6ec00_0 .var "D1", 0 0;
v00000295a4d6e7a0_0 .var "D2", 0 0;
v00000295a4d6ede0_0 .var "D3", 0 0;
v00000295a4d6e160_0 .var "D4", 0 0;
v00000295a4d6ed40_0 .var "D5", 0 0;
v00000295a4d6e340_0 .var "D6", 0 0;
v00000295a4d6f100_0 .var "D7", 0 0;
v00000295a4d6f6a0_0 .var "S0", 0 0;
v00000295a4d6e8e0_0 .var "S1", 0 0;
v00000295a4d6f380_0 .var "S2", 0 0;
v00000295a4d6e5c0_0 .net "out", 0 0, L_00000295a4d070f0;  1 drivers
E_00000295a4cc97f0/0 .event anyedge, v00000295a4d0ca30_0, v00000295a4d0c8f0_0, v00000295a4d0c670_0, v00000295a4d0c990_0;
E_00000295a4cc97f0/1 .event anyedge, v00000295a4d0cd50_0, v00000295a4d0c490_0, v00000295a4d0c3f0_0, v00000295a4d0c350_0;
E_00000295a4cc97f0/2 .event anyedge, v00000295a4d0c850_0, v00000295a4d0c7b0_0, v00000295a4d0d250_0;
E_00000295a4cc97f0 .event/or E_00000295a4cc97f0/0, E_00000295a4cc97f0/1, E_00000295a4cc97f0/2;
S_00000295a4d182c0 .scope module, "name" "m81" 2 26, 2 1 0, S_00000295a4d18130;
 .timescale 0 0;
    .port_info 0 /OUTPUT 1 "out";
    .port_info 1 /INPUT 1 "D0";
    .port_info 2 /INPUT 1 "D1";
    .port_info 3 /INPUT 1 "D2";
    .port_info 4 /INPUT 1 "D3";
    .port_info 5 /INPUT 1 "D4";
    .port_info 6 /INPUT 1 "D5";
    .port_info 7 /INPUT 1 "D6";
    .port_info 8 /INPUT 1 "D7";
    .port_info 9 /INPUT 1 "S0";
    .port_info 10 /INPUT 1 "S1";
    .port_info 11 /INPUT 1 "S2";
L_00000295a4d07320 .functor NOT 1, v00000295a4d6e8e0_0, C4<0>, C4<0>, C4<0>;
L_00000295a4d07160 .functor NOT 1, v00000295a4d6f6a0_0, C4<0>, C4<0>, C4<0>;
L_00000295a4d076a0 .functor NOT 1, v00000295a4d6f380_0, C4<0>, C4<0>, C4<0>;
L_00000295a4d07010 .functor AND 1, v00000295a4d6f600_0, L_00000295a4d07160, L_00000295a4d07320, L_00000295a4d076a0;
L_00000295a4d07240 .functor AND 1, v00000295a4d6ec00_0, v00000295a4d6f6a0_0, L_00000295a4d07320, L_00000295a4d076a0;
L_00000295a4d07550 .functor AND 1, v00000295a4d6e7a0_0, L_00000295a4d07160, v00000295a4d6e8e0_0, L_00000295a4d076a0;
L_00000295a4d07630 .functor AND 1, v00000295a4d6ede0_0, v00000295a4d6f6a0_0, v00000295a4d6e8e0_0, L_00000295a4d076a0;
L_00000295a4d07390 .functor AND 1, v00000295a4d6e160_0, L_00000295a4d07160, L_00000295a4d07320, v00000295a4d6f380_0;
L_00000295a4d075c0 .functor AND 1, v00000295a4d6ed40_0, v00000295a4d6f6a0_0, L_00000295a4d07320, v00000295a4d6f380_0;
L_00000295a4d07080 .functor AND 1, v00000295a4d6e340_0, L_00000295a4d07160, v00000295a4d6e8e0_0, v00000295a4d6f380_0;
L_00000295a4d07400 .functor AND 1, v00000295a4d6f100_0, v00000295a4d6f6a0_0, v00000295a4d6e8e0_0, v00000295a4d6f380_0;
L_00000295a4d070f0/0/0 .functor OR 1, L_00000295a4d07010, L_00000295a4d07240, L_00000295a4d07550, L_00000295a4d07630;
L_00000295a4d070f0/0/4 .functor OR 1, L_00000295a4d07390, L_00000295a4d075c0, L_00000295a4d07080, L_00000295a4d07400;
L_00000295a4d070f0 .functor OR 1, L_00000295a4d070f0/0/0, L_00000295a4d070f0/0/4, C4<0>, C4<0>;
v00000295a4d0d250_0 .net "D0", 0 0, v00000295a4d6f600_0;  1 drivers
v00000295a4d0c7b0_0 .net "D1", 0 0, v00000295a4d6ec00_0;  1 drivers
v00000295a4d0c850_0 .net "D2", 0 0, v00000295a4d6e7a0_0;  1 drivers
v00000295a4d0c350_0 .net "D3", 0 0, v00000295a4d6ede0_0;  1 drivers
v00000295a4d0c3f0_0 .net "D4", 0 0, v00000295a4d6e160_0;  1 drivers
v00000295a4d0c490_0 .net "D5", 0 0, v00000295a4d6ed40_0;  1 drivers
v00000295a4d0cd50_0 .net "D6", 0 0, v00000295a4d6e340_0;  1 drivers
v00000295a4d0c990_0 .net "D7", 0 0, v00000295a4d6f100_0;  1 drivers
v00000295a4d0c670_0 .net "S0", 0 0, v00000295a4d6f6a0_0;  1 drivers
v00000295a4d0c8f0_0 .net "S1", 0 0, v00000295a4d6e8e0_0;  1 drivers
v00000295a4d0ca30_0 .net "S2", 0 0, v00000295a4d6f380_0;  1 drivers
v00000295a4d0cad0_0 .net "T1", 0 0, L_00000295a4d07010;  1 drivers
v00000295a4d0c530_0 .net "T2", 0 0, L_00000295a4d07240;  1 drivers
v00000295a4d0c5d0_0 .net "T3", 0 0, L_00000295a4d07550;  1 drivers
v00000295a4d0cb70_0 .net "T4", 0 0, L_00000295a4d07630;  1 drivers
v00000295a4d0cc10_0 .net "T5", 0 0, L_00000295a4d07390;  1 drivers
v00000295a4d0cfd0_0 .net "T6", 0 0, L_00000295a4d075c0;  1 drivers
v00000295a4d0ce90_0 .net "T7", 0 0, L_00000295a4d07080;  1 drivers
v00000295a4d0ccb0_0 .net "T8", 0 0, L_00000295a4d07400;  1 drivers
v00000295a4d6dee0_0 .net "out", 0 0, L_00000295a4d070f0;  alias, 1 drivers
v00000295a4d6dda0_0 .net "s0bar", 0 0, L_00000295a4d07160;  1 drivers
v00000295a4d6f560_0 .net "s1bar", 0 0, L_00000295a4d07320;  1 drivers
v00000295a4d6d8a0_0 .net "s2bar", 0 0, L_00000295a4d076a0;  1 drivers
    .scope S_00000295a4d18130;
T_0 ;
    %vpi_call 2 29 "$dumpfile", "multi.vcd" {0 0 0};
    %vpi_call 2 30 "$dumpvars", 32'sb00000000000000000000000000000000, S_00000295a4d18130 {0 0 0};
    %pushi/vec4 0, 0, 1;
    %store/vec4 v00000295a4d6f600_0, 0, 1;
    %pushi/vec4 0, 0, 1;
    %store/vec4 v00000295a4d6ec00_0, 0, 1;
    %pushi/vec4 0, 0, 1;
    %store/vec4 v00000295a4d6e7a0_0, 0, 1;
    %pushi/vec4 0, 0, 1;
    %store/vec4 v00000295a4d6ede0_0, 0, 1;
    %pushi/vec4 0, 0, 1;
    %store/vec4 v00000295a4d6e160_0, 0, 1;
    %pushi/vec4 0, 0, 1;
    %store/vec4 v00000295a4d6ed40_0, 0, 1;
    %pushi/vec4 0, 0, 1;
    %store/vec4 v00000295a4d6e340_0, 0, 1;
    %pushi/vec4 0, 0, 1;
    %store/vec4 v00000295a4d6f100_0, 0, 1;
    %pushi/vec4 0, 0, 1;
    %store/vec4 v00000295a4d6f6a0_0, 0, 1;
    %pushi/vec4 0, 0, 1;
    %store/vec4 v00000295a4d6e8e0_0, 0, 1;
    %pushi/vec4 0, 0, 1;
    %store/vec4 v00000295a4d6f380_0, 0, 1;
    %delay 500000, 0;
    %vpi_call 2 32 "$finish" {0 0 0};
    %end;
    .thread T_0;
    .scope S_00000295a4d18130;
T_1 ;
    %delay 1000, 0;
    %load/vec4 v00000295a4d6f600_0;
    %inv;
    %store/vec4 v00000295a4d6f600_0, 0, 1;
    %jmp T_1;
    .thread T_1;
    .scope S_00000295a4d18130;
T_2 ;
    %delay 2000, 0;
    %load/vec4 v00000295a4d6ec00_0;
    %inv;
    %store/vec4 v00000295a4d6ec00_0, 0, 1;
    %jmp T_2;
    .thread T_2;
    .scope S_00000295a4d18130;
T_3 ;
    %delay 3000, 0;
    %load/vec4 v00000295a4d6e7a0_0;
    %inv;
    %store/vec4 v00000295a4d6e7a0_0, 0, 1;
    %jmp T_3;
    .thread T_3;
    .scope S_00000295a4d18130;
T_4 ;
    %delay 4000, 0;
    %load/vec4 v00000295a4d6ede0_0;
    %inv;
    %store/vec4 v00000295a4d6ede0_0, 0, 1;
    %jmp T_4;
    .thread T_4;
    .scope S_00000295a4d18130;
T_5 ;
    %delay 5000, 0;
    %load/vec4 v00000295a4d6e160_0;
    %inv;
    %store/vec4 v00000295a4d6e160_0, 0, 1;
    %jmp T_5;
    .thread T_5;
    .scope S_00000295a4d18130;
T_6 ;
    %delay 6000, 0;
    %load/vec4 v00000295a4d6ed40_0;
    %inv;
    %store/vec4 v00000295a4d6ed40_0, 0, 1;
    %jmp T_6;
    .thread T_6;
    .scope S_00000295a4d18130;
T_7 ;
    %delay 7000, 0;
    %load/vec4 v00000295a4d6e340_0;
    %inv;
    %store/vec4 v00000295a4d6e340_0, 0, 1;
    %jmp T_7;
    .thread T_7;
    .scope S_00000295a4d18130;
T_8 ;
    %delay 8000, 0;
    %load/vec4 v00000295a4d6f100_0;
    %inv;
    %store/vec4 v00000295a4d6f100_0, 0, 1;
    %jmp T_8;
    .thread T_8;
    .scope S_00000295a4d18130;
T_9 ;
    %delay 9000, 0;
    %load/vec4 v00000295a4d6f6a0_0;
    %inv;
    %store/vec4 v00000295a4d6f6a0_0, 0, 1;
    %jmp T_9;
    .thread T_9;
    .scope S_00000295a4d18130;
T_10 ;
    %delay 10000, 0;
    %load/vec4 v00000295a4d6e8e0_0;
    %inv;
    %store/vec4 v00000295a4d6e8e0_0, 0, 1;
    %jmp T_10;
    .thread T_10;
    .scope S_00000295a4d18130;
T_11 ;
    %delay 11000, 0;
    %load/vec4 v00000295a4d6f380_0;
    %inv;
    %store/vec4 v00000295a4d6f380_0, 0, 1;
    %jmp T_11;
    .thread T_11;
    .scope S_00000295a4d18130;
T_12 ;
    %wait E_00000295a4cc97f0;
    %vpi_call 2 46 "$monitor", "At time = %t, Output = %d", $time, v00000295a4d6e5c0_0 {0 0 0};
    %jmp T_12;
    .thread T_12, $push;
# The file index is used to find the file name in the following table.
:file_names 3;
    "N/A";
    "<interactive>";
    "multiplexer.v";
